<?xml version="1.0" encoding="UTF-8"?>
<testsuite xmlns:xsi="http://www.w3.org/2001/XMLSchema-instance" xsi:noNamespaceSchemaLocation="https://maven.apache.org/surefire/maven-surefire-plugin/xsd/surefire-test-report-3.0.xsd" version="3.0" name="com.espe.meditrack.service.AppointmentServiceTest" time="0.206" tests="4" errors="0" skipped="0" failures="0">
  <properties>
[...]
</properties>
  <testcase name="findById_dadoUnIdExistente_debeEmitirLaCitaCorrespondiente" classname="com.espe.meditrack.service.AppointmentServiceTest" time="0.2"/>
  <testcase name="procesarCitas_dadoQueTodasLasCitasSonInvalidas_debeEmitirSoloLaCitaGenerica" classname="com.espe.meditrack.service.AppointmentServiceTest" time="0.001"/>
  <testcase name="getValidAppointments_debeEmitirSoloLasTresValidas" classname="com.espe.meditrack.service.AppointmentServiceTest" time="0.001"/>
  <testcase name="findById_dadoUnIdInexistente_debeTerminarEnError" classname="com.espe.meditrack.service.AppointmentServiceTest" time="0.001"/>
</testsuite>